ARM GAS  C:\Users\Mark\AppData\Local\Temp\ccS6w4st.s 			page 1


   1              		.cpu cortex-m3
   2              		.arch armv7-m
   3              		.fpu softvfp
   4              		.eabi_attribute 20, 1
   5              		.eabi_attribute 21, 1
   6              		.eabi_attribute 23, 3
   7              		.eabi_attribute 24, 1
   8              		.eabi_attribute 25, 1
   9              		.eabi_attribute 26, 1
  10              		.eabi_attribute 30, 1
  11              		.eabi_attribute 34, 1
  12              		.eabi_attribute 18, 4
  13              		.file	"it.c"
  14              		.text
  15              	.Ltext0:
  16              		.cfi_sections	.debug_frame
  17              		.file 1 "Core/Src/it.c"
  18              		.section	.text.NMI_Handler,"ax",%progbits
  19              		.align	1
  20              		.global	NMI_Handler
  21              		.syntax unified
  22              		.thumb
  23              		.thumb_func
  25              	NMI_Handler:
  26              	.LFB0:
   1:Core/Src/it.c **** /* Interrupt Service Routines. */
   2:Core/Src/it.c **** 
   3:Core/Src/it.c **** #include "it.h"
   4:Core/Src/it.c **** 
   5:Core/Src/it.c **** void NMI_Handler(void)
   6:Core/Src/it.c **** {
  27              		.loc 1 6 1 view -0
  28              		.cfi_startproc
  29              		@ Volatile: function does not return.
  30              		@ args = 0, pretend = 0, frame = 0
  31              		@ frame_needed = 0, uses_anonymous_args = 0
  32              		@ link register save eliminated.
  33              	.L2:
   7:Core/Src/it.c ****   while (1)
  34              		.loc 1 7 3 discriminator 1 view .LVU1
   8:Core/Src/it.c ****   {
   9:Core/Src/it.c **** 
  10:Core/Src/it.c ****   }
  35              		.loc 1 10 3 discriminator 1 view .LVU2
   7:Core/Src/it.c ****   while (1)
  36              		.loc 1 7 9 discriminator 1 view .LVU3
  37 0000 FEE7     		b	.L2
  38              		.cfi_endproc
  39              	.LFE0:
  41              		.section	.text.HardFault_Handler,"ax",%progbits
  42              		.align	1
  43              		.global	HardFault_Handler
  44              		.syntax unified
  45              		.thumb
  46              		.thumb_func
  48              	HardFault_Handler:
  49              	.LFB1:
ARM GAS  C:\Users\Mark\AppData\Local\Temp\ccS6w4st.s 			page 2


  11:Core/Src/it.c **** }
  12:Core/Src/it.c **** 
  13:Core/Src/it.c **** void HardFault_Handler(void)
  14:Core/Src/it.c **** {
  50              		.loc 1 14 1 view -0
  51              		.cfi_startproc
  52              		@ Volatile: function does not return.
  53              		@ args = 0, pretend = 0, frame = 0
  54              		@ frame_needed = 0, uses_anonymous_args = 0
  55              		@ link register save eliminated.
  56              	.L4:
  15:Core/Src/it.c ****  
  16:Core/Src/it.c ****   while (1)
  57              		.loc 1 16 3 discriminator 1 view .LVU5
  17:Core/Src/it.c ****   {
  18:Core/Src/it.c **** 
  19:Core/Src/it.c ****   }
  58              		.loc 1 19 3 discriminator 1 view .LVU6
  16:Core/Src/it.c ****   {
  59              		.loc 1 16 9 discriminator 1 view .LVU7
  60 0000 FEE7     		b	.L4
  61              		.cfi_endproc
  62              	.LFE1:
  64              		.section	.text.MemManage_Handler,"ax",%progbits
  65              		.align	1
  66              		.global	MemManage_Handler
  67              		.syntax unified
  68              		.thumb
  69              		.thumb_func
  71              	MemManage_Handler:
  72              	.LFB2:
  20:Core/Src/it.c **** }
  21:Core/Src/it.c **** 
  22:Core/Src/it.c **** void MemManage_Handler(void)
  23:Core/Src/it.c **** {
  73              		.loc 1 23 1 view -0
  74              		.cfi_startproc
  75              		@ Volatile: function does not return.
  76              		@ args = 0, pretend = 0, frame = 0
  77              		@ frame_needed = 0, uses_anonymous_args = 0
  78              		@ link register save eliminated.
  79              	.L6:
  24:Core/Src/it.c ****   
  25:Core/Src/it.c ****   while (1)
  80              		.loc 1 25 3 discriminator 1 view .LVU9
  26:Core/Src/it.c ****   {
  27:Core/Src/it.c **** 
  28:Core/Src/it.c ****   }
  81              		.loc 1 28 3 discriminator 1 view .LVU10
  25:Core/Src/it.c ****   {
  82              		.loc 1 25 9 discriminator 1 view .LVU11
  83 0000 FEE7     		b	.L6
  84              		.cfi_endproc
  85              	.LFE2:
  87              		.section	.text.BusFault_Handler,"ax",%progbits
  88              		.align	1
  89              		.global	BusFault_Handler
ARM GAS  C:\Users\Mark\AppData\Local\Temp\ccS6w4st.s 			page 3


  90              		.syntax unified
  91              		.thumb
  92              		.thumb_func
  94              	BusFault_Handler:
  95              	.LFB3:
  29:Core/Src/it.c **** }
  30:Core/Src/it.c **** 
  31:Core/Src/it.c **** 
  32:Core/Src/it.c **** void BusFault_Handler(void)
  33:Core/Src/it.c **** {
  96              		.loc 1 33 1 view -0
  97              		.cfi_startproc
  98              		@ Volatile: function does not return.
  99              		@ args = 0, pretend = 0, frame = 0
 100              		@ frame_needed = 0, uses_anonymous_args = 0
 101              		@ link register save eliminated.
 102              	.L8:
  34:Core/Src/it.c ****   
  35:Core/Src/it.c ****   while (1)
 103              		.loc 1 35 3 discriminator 1 view .LVU13
  36:Core/Src/it.c ****   {
  37:Core/Src/it.c **** 
  38:Core/Src/it.c ****   }
 104              		.loc 1 38 3 discriminator 1 view .LVU14
  35:Core/Src/it.c ****   {
 105              		.loc 1 35 9 discriminator 1 view .LVU15
 106 0000 FEE7     		b	.L8
 107              		.cfi_endproc
 108              	.LFE3:
 110              		.section	.text.UsageFault_Handler,"ax",%progbits
 111              		.align	1
 112              		.global	UsageFault_Handler
 113              		.syntax unified
 114              		.thumb
 115              		.thumb_func
 117              	UsageFault_Handler:
 118              	.LFB4:
  39:Core/Src/it.c **** }
  40:Core/Src/it.c **** 
  41:Core/Src/it.c **** 
  42:Core/Src/it.c **** void UsageFault_Handler(void)
  43:Core/Src/it.c **** {
 119              		.loc 1 43 1 view -0
 120              		.cfi_startproc
 121              		@ Volatile: function does not return.
 122              		@ args = 0, pretend = 0, frame = 0
 123              		@ frame_needed = 0, uses_anonymous_args = 0
 124              		@ link register save eliminated.
 125              	.L10:
  44:Core/Src/it.c **** 
  45:Core/Src/it.c ****   while (1)
 126              		.loc 1 45 3 discriminator 1 view .LVU17
  46:Core/Src/it.c ****   {
  47:Core/Src/it.c **** 
  48:Core/Src/it.c ****   }
 127              		.loc 1 48 3 discriminator 1 view .LVU18
  45:Core/Src/it.c ****   {
ARM GAS  C:\Users\Mark\AppData\Local\Temp\ccS6w4st.s 			page 4


 128              		.loc 1 45 9 discriminator 1 view .LVU19
 129 0000 FEE7     		b	.L10
 130              		.cfi_endproc
 131              	.LFE4:
 133              		.section	.text.SVC_Handler,"ax",%progbits
 134              		.align	1
 135              		.global	SVC_Handler
 136              		.syntax unified
 137              		.thumb
 138              		.thumb_func
 140              	SVC_Handler:
 141              	.LFB5:
  49:Core/Src/it.c **** }
  50:Core/Src/it.c **** 
  51:Core/Src/it.c **** 
  52:Core/Src/it.c **** void SVC_Handler(void)
  53:Core/Src/it.c **** {
 142              		.loc 1 53 1 view -0
 143              		.cfi_startproc
 144              		@ args = 0, pretend = 0, frame = 0
 145              		@ frame_needed = 0, uses_anonymous_args = 0
 146              		@ link register save eliminated.
  54:Core/Src/it.c **** 
  55:Core/Src/it.c **** }
 147              		.loc 1 55 1 view .LVU21
 148 0000 7047     		bx	lr
 149              		.cfi_endproc
 150              	.LFE5:
 152              		.section	.text.DebugMon_Handler,"ax",%progbits
 153              		.align	1
 154              		.global	DebugMon_Handler
 155              		.syntax unified
 156              		.thumb
 157              		.thumb_func
 159              	DebugMon_Handler:
 160              	.LFB6:
  56:Core/Src/it.c **** 
  57:Core/Src/it.c **** 
  58:Core/Src/it.c **** void DebugMon_Handler(void)
  59:Core/Src/it.c **** {
 161              		.loc 1 59 1 view -0
 162              		.cfi_startproc
 163              		@ args = 0, pretend = 0, frame = 0
 164              		@ frame_needed = 0, uses_anonymous_args = 0
 165              		@ link register save eliminated.
  60:Core/Src/it.c **** 
  61:Core/Src/it.c **** }
 166              		.loc 1 61 1 view .LVU23
 167 0000 7047     		bx	lr
 168              		.cfi_endproc
 169              	.LFE6:
 171              		.section	.text.PendSV_Handler,"ax",%progbits
 172              		.align	1
 173              		.global	PendSV_Handler
 174              		.syntax unified
 175              		.thumb
 176              		.thumb_func
ARM GAS  C:\Users\Mark\AppData\Local\Temp\ccS6w4st.s 			page 5


 178              	PendSV_Handler:
 179              	.LFB7:
  62:Core/Src/it.c **** 
  63:Core/Src/it.c **** void PendSV_Handler(void)
  64:Core/Src/it.c **** {
 180              		.loc 1 64 1 view -0
 181              		.cfi_startproc
 182              		@ args = 0, pretend = 0, frame = 0
 183              		@ frame_needed = 0, uses_anonymous_args = 0
 184              		@ link register save eliminated.
  65:Core/Src/it.c **** 
  66:Core/Src/it.c **** }
 185              		.loc 1 66 1 view .LVU25
 186 0000 7047     		bx	lr
 187              		.cfi_endproc
 188              	.LFE7:
 190              		.section	.text.SysTick_Handler,"ax",%progbits
 191              		.align	1
 192              		.global	SysTick_Handler
 193              		.syntax unified
 194              		.thumb
 195              		.thumb_func
 197              	SysTick_Handler:
 198              	.LFB8:
  67:Core/Src/it.c **** 
  68:Core/Src/it.c **** void SysTick_Handler(void)
  69:Core/Src/it.c **** {
 199              		.loc 1 69 1 view -0
 200              		.cfi_startproc
 201              		@ args = 0, pretend = 0, frame = 0
 202              		@ frame_needed = 0, uses_anonymous_args = 0
 203 0000 08B5     		push	{r3, lr}
 204              	.LCFI0:
 205              		.cfi_def_cfa_offset 8
 206              		.cfi_offset 3, -8
 207              		.cfi_offset 14, -4
  70:Core/Src/it.c ****   IncTick();
 208              		.loc 1 70 3 view .LVU27
 209 0002 FFF7FEFF 		bl	IncTick
 210              	.LVL0:
  71:Core/Src/it.c **** }
 211              		.loc 1 71 1 is_stmt 0 view .LVU28
 212 0006 08BD     		pop	{r3, pc}
 213              		.cfi_endproc
 214              	.LFE8:
 216              		.text
 217              	.Letext0:
 218              		.file 2 "Core/Inc/it.h"
ARM GAS  C:\Users\Mark\AppData\Local\Temp\ccS6w4st.s 			page 6


DEFINED SYMBOLS
                            *ABS*:00000000 it.c
C:\Users\Mark\AppData\Local\Temp\ccS6w4st.s:19     .text.NMI_Handler:00000000 $t
C:\Users\Mark\AppData\Local\Temp\ccS6w4st.s:25     .text.NMI_Handler:00000000 NMI_Handler
C:\Users\Mark\AppData\Local\Temp\ccS6w4st.s:42     .text.HardFault_Handler:00000000 $t
C:\Users\Mark\AppData\Local\Temp\ccS6w4st.s:48     .text.HardFault_Handler:00000000 HardFault_Handler
C:\Users\Mark\AppData\Local\Temp\ccS6w4st.s:65     .text.MemManage_Handler:00000000 $t
C:\Users\Mark\AppData\Local\Temp\ccS6w4st.s:71     .text.MemManage_Handler:00000000 MemManage_Handler
C:\Users\Mark\AppData\Local\Temp\ccS6w4st.s:88     .text.BusFault_Handler:00000000 $t
C:\Users\Mark\AppData\Local\Temp\ccS6w4st.s:94     .text.BusFault_Handler:00000000 BusFault_Handler
C:\Users\Mark\AppData\Local\Temp\ccS6w4st.s:111    .text.UsageFault_Handler:00000000 $t
C:\Users\Mark\AppData\Local\Temp\ccS6w4st.s:117    .text.UsageFault_Handler:00000000 UsageFault_Handler
C:\Users\Mark\AppData\Local\Temp\ccS6w4st.s:134    .text.SVC_Handler:00000000 $t
C:\Users\Mark\AppData\Local\Temp\ccS6w4st.s:140    .text.SVC_Handler:00000000 SVC_Handler
C:\Users\Mark\AppData\Local\Temp\ccS6w4st.s:153    .text.DebugMon_Handler:00000000 $t
C:\Users\Mark\AppData\Local\Temp\ccS6w4st.s:159    .text.DebugMon_Handler:00000000 DebugMon_Handler
C:\Users\Mark\AppData\Local\Temp\ccS6w4st.s:172    .text.PendSV_Handler:00000000 $t
C:\Users\Mark\AppData\Local\Temp\ccS6w4st.s:178    .text.PendSV_Handler:00000000 PendSV_Handler
C:\Users\Mark\AppData\Local\Temp\ccS6w4st.s:191    .text.SysTick_Handler:00000000 $t
C:\Users\Mark\AppData\Local\Temp\ccS6w4st.s:197    .text.SysTick_Handler:00000000 SysTick_Handler

UNDEFINED SYMBOLS
IncTick
